2016-11-18 09:24:46,532 [INFO ] Fachada -  Fachada
2016-11-18 09:24:46,532 [INFO ] Fachada -  Fachada
2016-11-21 21:25:03,118 [INFO ] Fachada - Creaci칩n de cache de Uusarios
2016-11-21 21:25:03,125 [INFO ] Fachada - Creando usuarios: Tommycon contrase침a: tommy
2016-11-21 21:25:03,125 [WARN ] Fachada -  Fachada
2016-11-21 21:25:03,125 [INFO ] Fachada - Creando usuarios: Marccon contrase침a: marc
2016-11-21 21:25:03,125 [WARN ] Fachada -  Fachada
2016-11-21 21:25:03,125 [INFO ] Fachada - Creando usuarios: Vickycon contrase침a: vicky
2016-11-21 21:25:03,126 [WARN ] Fachada -  Fachada
2016-11-21 21:25:03,126 [ERROR] Fachada - El usuario no ha creado el etakemon
2016-11-21 21:25:03,126 [ERROR] Fachada - El usuario no ha creado el etakemon
2016-11-21 21:30:15,409 [INFO ] Fachada - Creaci칩n de cache de Uusarios
2016-11-21 21:30:15,412 [INFO ] Fachada - Creando usuarios: Tommy con contrase침a: tommy
2016-11-21 21:30:15,413 [WARN ] Fachada -  Fachada
2016-11-21 21:30:15,413 [INFO ] Fachada - Creando usuarios: Marc con contrase침a: marc
2016-11-21 21:30:15,413 [WARN ] Fachada -  Fachada
2016-11-21 21:30:15,413 [INFO ] Fachada - Creando usuarios: Vicky con contrase침a: vicky
2016-11-21 21:30:15,413 [WARN ] Fachada -  Fachada
2016-11-21 21:30:15,413 [ERROR] Fachada - El usuario no ha creado el etakemon
2016-11-21 21:30:15,413 [ERROR] Fachada - El usuario no ha creado el etakemon
2016-11-21 21:30:15,413 [ERROR] Fachada - El usuario no ha creado el etakemon
2016-11-21 21:31:45,139 [INFO ] Fachada - Creaci칩n de cache de Uusarios
2016-11-21 21:31:45,157 [INFO ] Fachada - Creando usuarios: Tommy con contrase침a: tommy
2016-11-21 21:31:45,157 [WARN ] Fachada -  Fachada
2016-11-21 21:31:45,157 [INFO ] Fachada - Creando usuarios: Marc con contrase침a: marc
2016-11-21 21:31:45,158 [WARN ] Fachada -  Fachada
2016-11-21 21:31:45,158 [INFO ] Fachada - Creando usuarios: Vicky con contrase침a: vicky
2016-11-21 21:31:45,158 [WARN ] Fachada -  Fachada
2016-11-21 21:31:45,158 [ERROR] Fachada - El usuario no ha creado el etakemon
2016-11-21 21:31:45,158 [ERROR] Fachada - El usuario no ha creado el etakemon
2016-11-21 21:32:34,484 [INFO ] Fachada - Creaci칩n de cache de Uusarios
2016-11-21 21:32:34,487 [INFO ] Fachada - Creando usuarios: Tommy con contrase침a: tommy
2016-11-21 21:32:34,487 [WARN ] Fachada -  Fachada
2016-11-21 21:32:34,487 [INFO ] Fachada - Creando usuarios: Marc con contrase침a: marc
2016-11-21 21:32:34,487 [WARN ] Fachada -  Fachada
2016-11-21 21:32:34,487 [INFO ] Fachada - Creando usuarios: Vicky con contrase침a: vicky
2016-11-21 21:32:34,487 [WARN ] Fachada -  Fachada
2016-11-21 21:32:34,487 [ERROR] Fachada - El usuario no ha creado el etakemon
2016-11-21 21:32:34,487 [ERROR] Fachada - El usuario no ha creado el etakemon
2016-11-21 21:36:58,389 [INFO ] Fachada - Creaci칩n de cache de Uusarios
2016-11-21 21:36:58,392 [INFO ] Fachada - Creando usuarios: Tommy con contrase침a: tommy
2016-11-21 21:36:58,392 [WARN ] Fachada -  Fachada
2016-11-21 21:36:58,392 [INFO ] Fachada - Creando usuarios: Marc con contrase침a: marc
2016-11-21 21:36:58,392 [WARN ] Fachada -  Fachada
2016-11-21 21:36:58,393 [INFO ] Fachada - Creando usuarios: Vicky con contrase침a: vicky
2016-11-21 21:36:58,393 [WARN ] Fachada -  Fachada
2016-11-21 21:36:58,393 [ERROR] Fachada - El usuario no ha creado el etakemon
2016-11-21 21:36:58,393 [ERROR] Fachada - El usuario no ha creado el etakemon
2016-11-21 21:36:58,394 [INFO ] Fachada - Actualizacion del Usuario Marc
2016-11-21 21:38:07,529 [INFO ] Fachada - Creaci칩n de cache de Uusarios
2016-11-21 21:38:07,564 [INFO ] Fachada - Creando usuarios: Tommy con contrase침a: tommy
2016-11-21 21:38:07,564 [WARN ] Fachada -  Fachada
2016-11-21 21:38:07,564 [INFO ] Fachada - Creando usuarios: Marc con contrase침a: marc
2016-11-21 21:38:07,564 [WARN ] Fachada -  Fachada
2016-11-21 21:38:07,564 [INFO ] Fachada - Creando usuarios: Vicky con contrase침a: vicky
2016-11-21 21:38:07,565 [WARN ] Fachada -  Fachada
2016-11-21 21:40:05,739 [INFO ] Fachada - Creaci칩n de cache de Uusarios
2016-11-21 21:40:05,741 [INFO ] Fachada - Creando usuarios: Tommy con contrase침a: tommy
2016-11-21 21:40:05,741 [INFO ] Fachada - Creando usuarios: Marc con contrase침a: marc
2016-11-21 21:40:05,741 [INFO ] Fachada - Creando usuarios: Vicky con contrase침a: vicky
2016-11-21 21:42:11,332 [INFO ] Fachada - Creaci칩n de cache de Uusarios
2016-11-21 21:42:11,341 [INFO ] Fachada - Creando usuarios: Tommy con contrase침a: tommy
2016-11-21 21:42:11,341 [INFO ] Fachada - Creando usuarios: Marc con contrase침a: marc
2016-11-21 21:42:11,341 [INFO ] Fachada - Creando usuarios: Vicky con contrase침a: vicky
2016-11-21 21:47:57,517 [INFO ] Fachada - Creaci칩n de cache de Uusarios
2016-11-21 21:47:57,523 [INFO ] Fachada - Creando usuarios: Tommy con contrase침a: tommy
2016-11-21 21:47:57,523 [INFO ] Fachada - Creando usuarios: Marc con contrase침a: marc
2016-11-21 21:47:57,523 [INFO ] Fachada - Creando usuarios: Vicky con contrase침a: vicky
2016-11-21 21:48:59,588 [INFO ] Fachada - Creaci칩n de cache de Uusarios
2016-11-21 21:48:59,591 [INFO ] Fachada - Creando usuarios: Tommy con contrase침a: tommy
2016-11-21 21:48:59,591 [INFO ] Fachada - Creando usuarios: Marc con contrase침a: marc
2016-11-21 21:48:59,591 [INFO ] Fachada - Creando usuarios: Vicky con contrase침a: vicky
2016-11-21 21:52:16,957 [INFO ] Fachada - Creaci칩n de cache de Uusarios
2016-11-21 21:52:16,960 [INFO ] Fachada - Creando usuarios: Tommy con contrase침a: tommy
2016-11-21 21:52:16,960 [INFO ] Fachada - Creando usuarios: Marc con contrase침a: marc
2016-11-21 21:52:16,960 [INFO ] Fachada - Creando usuarios: Vicky con contrase침a: vicky
2016-11-21 21:54:37,113 [INFO ] Fachada - Creaci칩n de cache de Uusarios
2016-11-21 21:54:37,125 [INFO ] Fachada - Creando usuarios: Tommy con contrase침a: tommy
2016-11-21 21:54:37,125 [INFO ] Fachada - Creando usuarios: Marc con contrase침a: marc
2016-11-21 21:54:37,125 [INFO ] Fachada - Creando usuarios: Vicky con contrase침a: vicky
2016-11-21 21:56:18,189 [INFO ] Fachada - Creaci칩n de cache de Uusarios
2016-11-21 21:56:18,191 [INFO ] Fachada - Creando usuarios: Tommy con contrase침a: tommy
2016-11-21 21:56:18,191 [INFO ] Fachada - Creando usuarios: Marc con contrase침a: marc
2016-11-21 21:56:18,191 [INFO ] Fachada - Creando usuarios: Vicky con contrase침a: vicky
2016-11-21 21:56:18,191 [ERROR] Fachada - El usuario no ha creado el etakemon
2016-11-21 21:56:18,191 [ERROR] Fachada - El usuario no ha creado el etakemon
2016-11-21 21:56:18,192 [INFO ] Fachada - Actualizacion del Usuario Marc
2016-11-21 21:57:21,263 [INFO ] Fachada - Creaci칩n de cache de Uusarios
2016-11-21 21:57:21,265 [INFO ] Fachada - Creando usuarios: Tommy con contrase침a: tommy
2016-11-21 21:57:21,265 [INFO ] Fachada - Creando usuarios: Marc con contrase침a: marc
2016-11-21 21:57:21,265 [INFO ] Fachada - Creando usuarios: Vicky con contrase침a: vicky
2016-11-21 21:57:21,265 [ERROR] Fachada - El usuario no ha creado el etakemon
2016-11-21 21:57:21,266 [ERROR] Fachada - El usuario no ha creado el etakemon
2016-11-21 21:57:21,266 [INFO ] Fachada - Actualizacion del Usuario Marc
2016-11-21 21:58:35,173 [INFO ] Fachada - Creaci칩n de cache de Uusarios
2016-11-21 21:58:35,175 [INFO ] Fachada - Creando usuarios: Tommy con contrase침a: tommy
2016-11-21 21:58:35,175 [INFO ] Fachada - Creando usuarios: Marc con contrase침a: marc
2016-11-21 21:58:35,175 [INFO ] Fachada - Creando usuarios: Vicky con contrase침a: vicky
2016-11-21 21:58:35,176 [ERROR] Fachada - El usuario no ha creado el etakemon
2016-11-21 21:58:35,176 [ERROR] Fachada - El usuario no ha creado el etakemon
2016-11-21 21:58:35,176 [INFO ] Fachada - [Usuarios@4b9af9a9, Usuarios@5387f9e0, Usuarios@6e5e91e4]
2016-11-21 21:58:35,177 [INFO ] Fachada - Actualizacion del Usuario Marc
2016-11-21 21:58:54,076 [INFO ] Fachada - Creaci칩n de cache de Uusarios
2016-11-21 21:58:54,079 [INFO ] Fachada - Creando usuarios: Tommy con contrase침a: tommy
2016-11-21 21:58:54,079 [INFO ] Fachada - Creando usuarios: Marc con contrase침a: marc
2016-11-21 21:58:54,079 [INFO ] Fachada - Creando usuarios: Vicky con contrase침a: vicky
2016-11-21 21:58:54,079 [ERROR] Fachada - El usuario no ha creado el etakemon
2016-11-21 21:58:54,079 [ERROR] Fachada - El usuario no ha creado el etakemon
2016-11-21 21:58:54,080 [INFO ] Fachada - class java.util.ArrayList
2016-11-21 21:58:54,080 [INFO ] Fachada - Actualizacion del Usuario Marc
2016-11-21 21:59:11,218 [INFO ] Fachada - Creaci칩n de cache de Uusarios
2016-11-21 21:59:11,222 [INFO ] Fachada - Creando usuarios: Tommy con contrase침a: tommy
2016-11-21 21:59:11,223 [INFO ] Fachada - Creando usuarios: Marc con contrase침a: marc
2016-11-21 21:59:11,223 [INFO ] Fachada - Creando usuarios: Vicky con contrase침a: vicky
2016-11-21 21:59:11,223 [ERROR] Fachada - El usuario no ha creado el etakemon
2016-11-21 21:59:11,223 [ERROR] Fachada - El usuario no ha creado el etakemon
2016-11-21 21:59:11,223 [INFO ] Fachada - [Marc, Tommy, Vicky]
2016-11-21 21:59:11,224 [INFO ] Fachada - Actualizacion del Usuario Marc
2016-11-21 21:59:38,700 [INFO ] Fachada - Creaci칩n de cache de Uusarios
2016-11-21 21:59:38,703 [INFO ] Fachada - Creando usuarios: Tommy con contrase침a: tommy
2016-11-21 21:59:38,703 [INFO ] Fachada - Creando usuarios: Marc con contrase침a: marc
2016-11-21 21:59:38,704 [INFO ] Fachada - Creando usuarios: Vicky con contrase침a: vicky
2016-11-21 21:59:38,704 [ERROR] Fachada - El usuario no ha creado el etakemon
2016-11-21 21:59:38,704 [ERROR] Fachada - El usuario no ha creado el etakemon
2016-11-21 21:59:38,704 [INFO ] Fachada - [Marc, Tommy, Vicky]
2016-11-21 21:59:38,704 [INFO ] Fachada - Actualizacion del Usuario Marcy contrase침a: 1234
2016-11-21 21:59:48,902 [INFO ] Fachada - Creaci칩n de cache de Uusarios
2016-11-21 21:59:48,904 [INFO ] Fachada - Creando usuarios: Tommy con contrase침a: tommy
2016-11-21 21:59:48,904 [INFO ] Fachada - Creando usuarios: Marc con contrase침a: marc
2016-11-21 21:59:48,904 [INFO ] Fachada - Creando usuarios: Vicky con contrase침a: vicky
2016-11-21 21:59:48,904 [ERROR] Fachada - El usuario no ha creado el etakemon
2016-11-21 21:59:48,904 [ERROR] Fachada - El usuario no ha creado el etakemon
2016-11-21 21:59:48,905 [INFO ] Fachada - [Marc, Tommy, Vicky]
2016-11-21 21:59:48,905 [INFO ] Fachada - Actualizacion del Usuario Marc y contrase침a: 1234
2016-11-21 22:01:59,451 [INFO ] Fachada - Creaci칩n de cache de Uusarios
2016-11-21 22:01:59,454 [INFO ] Fachada - Creando usuarios: Tommy con contrase침a: tommy
2016-11-21 22:01:59,454 [INFO ] Fachada - Creando usuarios: Marc con contrase침a: marc
2016-11-21 22:01:59,454 [INFO ] Fachada - Creando usuarios: Vicky con contrase침a: vicky
2016-11-21 22:01:59,455 [INFO ] Fachada - [Marc, Tommy, Vicky]
2016-11-21 22:01:59,456 [INFO ] Fachada - Actualizacion del Usuario Marc y contrase침a: 1234
2016-11-21 22:02:15,892 [INFO ] Fachada - Creaci칩n de cache de Uusarios
2016-11-21 22:02:15,895 [INFO ] Fachada - Creando usuarios: Tommy con contrase침a: tommy
2016-11-21 22:02:15,896 [INFO ] Fachada - Creando usuarios: Marc con contrase침a: marc
2016-11-21 22:02:15,896 [INFO ] Fachada - Creando usuarios: Vicky con contrase침a: vicky
2016-11-21 22:02:15,896 [INFO ] Fachada - [Marc, Tommy, Vicky]
2016-11-21 22:02:15,896 [INFO ] Fachada - Actualizacion del Usuario Marc y contrase침a: 1234
2016-11-21 22:02:33,446 [INFO ] Fachada - Creaci칩n de cache de Uusarios
2016-11-21 22:02:33,449 [INFO ] Fachada - Creando usuarios: Tommy con contrase침a: tommy
2016-11-21 22:02:33,449 [INFO ] Fachada - Creando usuarios: Marc con contrase침a: marc
2016-11-21 22:02:33,449 [INFO ] Fachada - Creando usuarios: Vicky con contrase침a: vicky
2016-11-21 22:02:33,449 [INFO ] Fachada - [Marc, Tommy, Vicky]
2016-11-21 22:02:33,450 [INFO ] Fachada - Actualizacion del Usuario Marc y contrase침a: 1234
2016-11-21 22:03:25,632 [INFO ] Fachada - Creaci칩n de cache de Uusarios
2016-11-21 22:03:25,636 [INFO ] Fachada - Creando usuarios: Tommy con contrase침a: tommy
2016-11-21 22:03:25,636 [INFO ] Fachada - Creando usuarios: Marc con contrase침a: marc
2016-11-21 22:03:25,637 [INFO ] Fachada - Creando usuarios: Vicky con contrase침a: vicky
2016-11-21 22:04:56,493 [ERROR] Fachada - El usuario no ha creado el etakemon
2016-11-21 22:04:56,496 [ERROR] Fachada - El usuario no ha creado el etakemon
2016-11-21 22:04:56,498 [INFO ] Fachada - [Marc, Tommy, Vicky]
2016-11-21 22:04:56,498 [INFO ] Fachada - Actualizacion del Usuario Marc y contrase침a: 1234
2016-11-21 22:07:21,760 [INFO ] Fachada - Creaci칩n de cache de Uusarios
2016-11-21 22:07:21,764 [INFO ] Fachada - Creando usuarios: Tommy con contrase침a: tommy
2016-11-21 22:07:21,764 [INFO ] Fachada - Creando usuarios: Marc con contrase침a: marc
2016-11-21 22:07:21,764 [INFO ] Fachada - Creando usuarios: Vicky con contrase침a: vicky
2016-11-21 22:07:21,764 [ERROR] Fachada - El usuario no ha creado el etakemon
2016-11-21 22:07:21,764 [ERROR] Fachada - El usuario no ha creado el etakemon
2016-11-21 22:07:21,766 [INFO ] Fachada - [Marc, Tommy, Vicky]
2016-11-21 22:07:21,766 [INFO ] Fachada - Actualizacion del Usuario Marc y contrase침a: 1234
2016-11-21 22:08:24,598 [INFO ] Fachada - Creaci칩n de cache de Uusarios
2016-11-21 22:08:24,604 [INFO ] Fachada - Creando usuarios: Tommy con contrase침a: tommy
2016-11-21 22:08:24,604 [INFO ] Fachada - Creando usuarios: Marc con contrase침a: marc
2016-11-21 22:08:24,604 [INFO ] Fachada - Creando usuarios: Vicky con contrase침a: vicky
2016-11-21 22:08:24,605 [INFO ] Fachada - [Marc, Tommy, Vicky]
2016-11-21 22:08:24,605 [INFO ] Fachada - Actualizacion del Usuario Marc y contrase침a: 1234
2016-11-21 22:09:29,620 [INFO ] Fachada - Creaci칩n de cache de Uusarios
2016-11-21 22:09:29,623 [INFO ] Fachada - Creando usuarios: Tommy con contrase침a: tommy
2016-11-21 22:09:29,624 [INFO ] Fachada - Creando usuarios: Marc con contrase침a: marc
2016-11-21 22:09:29,624 [INFO ] Fachada - Creando usuarios: Vicky con contrase침a: vicky
2016-11-21 22:09:29,624 [INFO ] Fachada - Actualizacion del Etakemon Tommy
2016-11-21 22:09:29,624 [INFO ] Fachada - Actualizacion del Etakemon Vicky
2016-11-21 22:09:29,625 [INFO ] Fachada - [Marc, Tommy, Vicky]
2016-11-21 22:09:29,625 [INFO ] Fachada - Actualizacion del Usuario Marc y contrase침a: 1234
2016-11-21 22:10:51,505 [INFO ] Fachada - Creaci칩n de cache de Uusarios
2016-11-21 22:10:51,507 [INFO ] Fachada - Creando usuarios: Tommy con contrase침a: tommy
2016-11-21 22:10:51,507 [INFO ] Fachada - Creando usuarios: Marc con contrase침a: marc
2016-11-21 22:10:51,508 [INFO ] Fachada - Creando usuarios: Vicky con contrase침a: vicky
2016-11-21 22:10:51,508 [INFO ] Fachada - Creaci칩n del Etakemon: DogEtakamon del usuario: Tommy
2016-11-21 22:10:51,508 [INFO ] Fachada - Creaci칩n del Etakemon: CatEtakamon del usuario: Vicky
2016-11-21 22:10:51,509 [INFO ] Fachada - [Marc, Tommy, Vicky]
2016-11-21 22:10:51,509 [INFO ] Fachada - Actualizacion del Usuario Marc y contrase침a: 1234
2016-11-21 22:11:05,009 [INFO ] Fachada - Creaci칩n de cache de Uusarios
2016-11-21 22:11:05,011 [INFO ] Fachada - Creando usuarios: Tommy con contrase침a: tommy
2016-11-21 22:11:05,012 [INFO ] Fachada - Creando usuarios: Marc con contrase침a: marc
2016-11-21 22:11:05,012 [INFO ] Fachada - Creando usuarios: Vicky con contrase침a: vicky
2016-11-21 22:11:05,012 [INFO ] Fachada - Creaci칩n del Etakemon: DogEtakamon del usuario Tommy
2016-11-21 22:11:05,012 [INFO ] Fachada - Creaci칩n del Etakemon: CatEtakamon del usuario Vicky
2016-11-21 22:11:05,012 [INFO ] Fachada - [Marc, Tommy, Vicky]
2016-11-21 22:11:05,013 [INFO ] Fachada - Actualizacion del Usuario Marc y contrase침a: 1234
2016-11-21 23:42:20,676 [INFO ] Fachada - Creaci칩n de cache de Uusarios
2016-11-21 23:42:20,682 [INFO ] Fachada - Creando usuarios: Tommy con contrase침a: tommy
2016-11-21 23:42:20,682 [INFO ] Fachada - Creaci칩n del Etakemon: DogEtakamon del usuario Tommy
2016-11-21 23:43:25,332 [INFO ] Fachada - Creaci칩n de cache de Uusarios
2016-11-21 23:43:25,334 [INFO ] Fachada - Creando usuarios: Tommy con contrase침a: tommy
2016-11-21 23:43:25,334 [INFO ] Fachada - Creaci칩n del Etakemon: DogEtakamon del usuario Tommy
2016-11-21 23:43:25,335 [INFO ] Fachada - Actualizacion del Usuario Tommy y contrase침a: 321
2016-11-21 23:47:42,426 [INFO ] Fachada - Creaci칩n de cache de Uusarios
2016-11-21 23:47:42,428 [INFO ] Fachada - Creando usuarios: Tommy con contrase침a: tommy
2016-11-21 23:47:42,428 [INFO ] Fachada - Creaci칩n del Etakemon: DogEtakamon del usuario Tommy
2016-11-21 23:47:42,428 [INFO ] Fachada - Creando usuarios: Carolina con contrase침a: carol
2016-11-21 23:47:42,435 [INFO ] Fachada - Creando usuarios: Tommy con contrase침a: tommy
2016-11-21 23:47:42,435 [INFO ] Fachada - Creaci칩n del Etakemon: DogEtakamon del usuario Tommy
2016-11-21 23:47:42,435 [INFO ] Fachada - Actualizacion del Usuario Tommy y contrase침a: 321
2016-11-21 23:48:17,896 [INFO ] Fachada - Creaci칩n de cache de Uusarios
2016-11-21 23:48:17,898 [INFO ] Fachada - Creando usuarios: Tommy con contrase침a: tommy
2016-11-21 23:48:17,898 [INFO ] Fachada - Creaci칩n del Etakemon: DogEtakamon del usuario Tommy
2016-11-21 23:48:17,899 [INFO ] Fachada - Creando usuarios: Marc con contrase침a: carol
2016-11-21 23:48:17,904 [INFO ] Fachada - Creando usuarios: Tommy con contrase침a: tommy
2016-11-21 23:48:17,904 [INFO ] Fachada - Creaci칩n del Etakemon: DogEtakamon del usuario Tommy
2016-11-21 23:48:17,904 [INFO ] Fachada - Actualizacion del Usuario Tommy y contrase침a: 321
2016-11-21 23:49:47,751 [INFO ] Fachada - Creaci칩n de cache de Uusarios
2016-11-21 23:49:47,753 [INFO ] Fachada - Creando usuarios: Tommy con contrase침a: tommy
2016-11-21 23:49:47,753 [INFO ] Fachada - Creaci칩n del Etakemon: DogEtakamon del usuario Tommy
2016-11-21 23:49:47,753 [INFO ] Fachada - Creando usuarios: Marc con contrase침a: marc
2016-11-21 23:49:47,758 [INFO ] Fachada - Creando usuarios: Tommy con contrase침a: tommy
2016-11-21 23:49:47,758 [INFO ] Fachada - Creaci칩n del Etakemon: DogEtakamon del usuario Tommy
2016-11-21 23:49:47,758 [INFO ] Fachada - Actualizacion del Usuario Tommy y contrase침a: 321
2016-11-22 01:29:12,021 [INFO ] Fachada - Creaci칩n de cache de Uusarios
2016-11-22 01:29:12,023 [INFO ] Fachada - Creando usuarios: Tommy con contrase침a: tommy
2016-11-22 01:29:12,023 [INFO ] Fachada - Creando usuarios: Marc con contrase침a: marc
2016-11-22 01:29:12,023 [INFO ] Fachada - Creando usuarios: Vicky con contrase침a: vicky
2016-11-22 01:29:12,023 [INFO ] Fachada - Creaci칩n del Etakemon: DogEtakamon del usuario Tommy
2016-11-22 01:29:12,023 [INFO ] Fachada - Creaci칩n del Etakemon: CatEtakamon del usuario Vicky
2016-11-22 01:29:12,024 [INFO ] Fachada - [Marc, Tommy, Vicky]
2016-11-22 01:29:12,024 [INFO ] Fachada - Actualizacion del Usuario Marc y contrase침a: 1234
2016-11-22 01:57:44,202 [INFO ] Fachada - Creaci蚤 de cache de Uusarios
2016-11-22 01:57:44,204 [INFO ] Fachada - Creando usuarios: Tommy con contrase人: tommy
2016-11-22 01:57:44,204 [INFO ] Fachada - Creaci蚤 del Etakemon: DogEtakamon del usuario Tommy
2016-11-22 01:57:44,204 [INFO ] Fachada - Creando usuarios: Marc con contrase人: marc
2016-11-22 01:57:44,206 [INFO ] Fachada - Creando usuarios: Tommy con contrase人: tommy
2016-11-22 01:57:44,206 [INFO ] Fachada - Creaci蚤 del Etakemon: DogEtakamon del usuario Tommy
2016-11-22 01:57:44,206 [INFO ] Fachada - Actualizacion del Usuario Tommy y contrase人: 321
2016-11-22 23:16:46,043 [INFO ] Fachada - Creaci칩n del Etakemon: [DogEtakamon, VoladorEtakamon]
2016-11-22 23:18:17,327 [INFO ] Fachada - Lista del Etakemon: [DogEtakamon, VoladorEtakamon]
2016-11-23 02:40:53,502 [INFO ] Fachada - Creaci칩n del Etakemon: DogEtakamon del usuario Tommy
2016-11-23 02:40:53,503 [INFO ] Fachada - Creaci칩n del Etakemon: VoladorEtakamon del usuario Tommy
2016-11-23 02:40:53,503 [INFO ] Fachada - Creaci칩n del Etakemon: CatEtakamon del usuario Vicky
2016-11-23 02:43:53,787 [INFO ] Fachada - Creaci칩n del Etakemon: DogEtakamon del usuario Tommy
2016-11-23 02:43:53,789 [INFO ] Fachada - Creaci칩n del Etakemon: VoladorEtakamon del usuario Tommy
2016-11-23 02:43:53,789 [INFO ] Fachada - Creaci칩n del Etakemon: CatEtakamon del usuario Vicky
